<?xml version="1.0" encoding="UTF-8"?>
<!-- Generated by org.testng.reporters.JUnitReportReporter -->
<testsuite hostname="DESKTOP-CML7SCJ" failures="0" tests="5" name="Test.EmailProductToFriendTest" time="8.624" errors="0" timestamp="2023-11-06T09:01:49 AST" skipped="0">
  <testcase classname="Test.EmailProductToFriendTest" name="checkSearchUsingAutoCompleteByUser" time="3.560"/>
  <testcase classname="Test.EmailProductToFriendTest" name="checkLogoutByRegisteredUserAfterReview" time="0.823"/>
  <testcase classname="Test.EmailProductToFriendTest" name="checkEmailAFriendAProduct" time="1.028"/>
  <testcase classname="Test.EmailProductToFriendTest" name="checkLoginByRegisteredUser" time="1.628"/>
  <testcase classname="Test.EmailProductToFriendTest" name="checkRegistrationSuccessfully" time="1.585"/>
</testsuite> <!-- Test.EmailProductToFriendTest -->
