<?xml version="1.0" encoding="UTF-8"?>
<!-- Generated by org.testng.reporters.JUnitReportReporter -->
<testsuite hostname="DESKTOP-CML7SCJ" failures="0" tests="4" name="Test.CheckOutUsingRegisteredUser" time="18.648" errors="0" timestamp="2023-11-05T11:37:14 AST" skipped="0">
  <testcase classname="Test.CheckOutUsingRegisteredUser" name="checkLoginByRegisteredUser" time="2.179"/>
  <testcase classname="Test.CheckOutUsingRegisteredUser" name="checkSearchUsingAutoCompleteByUser" time="3.932"/>
  <testcase classname="Test.CheckOutUsingRegisteredUser" name="checkAddToCart" time="10.226"/>
  <testcase classname="Test.CheckOutUsingRegisteredUser" name="checkRegistrationSuccessfully" time="2.311"/>
</testsuite> <!-- Test.CheckOutUsingRegisteredUser -->
