<?xml version="1.0" encoding="UTF-8"?>
<!-- Generated by org.testng.reporters.JUnitReportReporter -->
<testsuite hostname="DESKTOP-CML7SCJ" failures="0" tests="2" name="Test.CompareTest" time="9.682" errors="0" timestamp="2023-11-06T09:01:49 AST" skipped="0">
  <testcase classname="Test.CompareTest" name="checkCompareByUser" time="1.274"/>
  <testcase classname="Test.CompareTest" name="checkSearchUsingAutoCompleteByUser" time="8.408"/>
</testsuite> <!-- Test.CompareTest -->
