<?xml version="1.0" encoding="UTF-8"?>
<!-- Generated by org.testng.reporters.JUnitReportReporter -->
<testsuite hostname="DESKTOP-CML7SCJ" failures="0" tests="1" name="Test.SearchTest" time="2.091" errors="0" timestamp="2023-11-06T09:01:49 AST" skipped="0">
  <testcase classname="Test.SearchTest" name="checkUserCanSearchProduct" time="2.091"/>
</testsuite> <!-- Test.SearchTest -->
