<?xml version="1.0" encoding="UTF-8"?>
<!-- Generated by org.testng.reporters.JUnitReportReporter -->
<testsuite hostname="DESKTOP-CML7SCJ" failures="0" tests="3" name="Test.RegistrationTest" time="6.026" errors="0" timestamp="2023-11-06T09:01:49 AST" skipped="0">
  <testcase classname="Test.RegistrationTest" name="checkLoginByRegisteredUser" time="2.743"/>
  <testcase classname="Test.RegistrationTest" name="checkLogoutByRegisteredUserAfterChangePassword" time="0.832"/>
  <testcase classname="Test.RegistrationTest" name="checkRegistrationSuccessfully" time="2.451"/>
</testsuite> <!-- Test.RegistrationTest -->
