<?xml version="1.0" encoding="UTF-8"?>
<!-- Generated by org.testng.reporters.JUnitReportReporter -->
<testsuite hostname="DESKTOP-CML7SCJ" failures="0" tests="3" name="Test.WishListTest" time="7.995" errors="0" timestamp="2023-11-06T09:01:49 AST" skipped="0">
  <testcase classname="Test.WishListTest" name="checkRemoveProductFromWishList" time="0.438"/>
  <testcase classname="Test.WishListTest" name="checkAddProductToWishList" time="4.013"/>
  <testcase classname="Test.WishListTest" name="checkSearchUsingAutoCompleteByUser" time="3.544"/>
</testsuite> <!-- Test.WishListTest -->
