<?xml version="1.0" encoding="UTF-8"?>
<!-- Generated by org.testng.reporters.JUnitReportReporter -->
<testsuite hostname="DESKTOP-CML7SCJ" failures="0" tests="4" name="Test.CheckOutUsingUnregisteredUserTest" time="41.038" errors="0" timestamp="2023-11-06T09:01:49 AST" skipped="0">
  <testcase classname="Test.CheckOutUsingUnregisteredUserTest" name="checkInvoiceByUser" time="1.153"/>
  <testcase classname="Test.CheckOutUsingUnregisteredUserTest" name="checkAddToCart" time="10.377"/>
  <testcase classname="Test.CheckOutUsingUnregisteredUserTest" name="checkCheckoutByUnregisteredUser" time="25.869"/>
  <testcase classname="Test.CheckOutUsingUnregisteredUserTest" name="checkSearchUsingAutoCompleteByUser" time="3.639"/>
</testsuite> <!-- Test.CheckOutUsingUnregisteredUserTest -->
