<?xml version="1.0" encoding="UTF-8"?>
<!-- Generated by org.testng.reporters.JUnitReportReporter -->
<testsuite hostname="DESKTOP-CML7SCJ" failures="0" tests="7" name="Test.CheckOutUsingRegisteredUserTest" time="45.358" errors="0" timestamp="2023-11-06T09:01:49 AST" skipped="0">
  <testcase classname="Test.CheckOutUsingRegisteredUserTest" name="checkLogoutByRegisteredUserAfterReview" time="1.858"/>
  <testcase classname="Test.CheckOutUsingRegisteredUserTest" name="checkInvoiceByUser" time="1.134"/>
  <testcase classname="Test.CheckOutUsingRegisteredUserTest" name="checkCheckOutByRegisteredUser" time="25.243"/>
  <testcase classname="Test.CheckOutUsingRegisteredUserTest" name="checkLoginByRegisteredUser" time="1.377"/>
  <testcase classname="Test.CheckOutUsingRegisteredUserTest" name="checkAddToCart" time="10.138"/>
  <testcase classname="Test.CheckOutUsingRegisteredUserTest" name="checkSearchUsingAutoCompleteByUser" time="3.760"/>
  <testcase classname="Test.CheckOutUsingRegisteredUserTest" name="checkRegistrationSuccessfully" time="1.848"/>
</testsuite> <!-- Test.CheckOutUsingRegisteredUserTest -->
