<?xml version="1.0" encoding="UTF-8"?>
<!-- Generated by org.testng.reporters.JUnitReportReporter -->
<testsuite hostname="DESKTOP-CML7SCJ" failures="0" tests="3" name="Test.RegistrationTestUsingDDTAndExcelTest" time="18.549" errors="0" timestamp="2023-11-11T09:26:04 AST" skipped="0">
  <testcase classname="Test.RegistrationTestUsingDDTAndExcelTest" name="checkRegistrationSuccessfully" time="8.226"/>
  <testcase classname="Test.RegistrationTestUsingDDTAndExcelTest" name="checkRegistrationSuccessfully" time="4.960"/>
  <testcase classname="Test.RegistrationTestUsingDDTAndExcelTest" name="checkRegistrationSuccessfully" time="5.363"/>
</testsuite> <!-- Test.RegistrationTestUsingDDTAndExcelTest -->
