<?xml version="1.0" encoding="UTF-8"?>
<!-- Generated by org.testng.reporters.JUnitReportReporter -->
<testsuite hostname="DESKTOP-CML7SCJ" failures="0" tests="2" name="Test.ChangeCurrencyTest" time="4.575" errors="0" timestamp="2023-11-06T09:01:49 AST" skipped="0">
  <testcase classname="Test.ChangeCurrencyTest" name="checkChangeCurrencyByUser" time="0.955"/>
  <testcase classname="Test.ChangeCurrencyTest" name="checkSearchUsingAutoCompleteByUser" time="3.620"/>
</testsuite> <!-- Test.ChangeCurrencyTest -->
