<?xml version="1.0" encoding="UTF-8"?>
<!-- Generated by org.testng.reporters.JUnitReportReporter -->
<testsuite hostname="DESKTOP-CML7SCJ" failures="0" tests="7" name="Test.MyAccountTest" time="14.350" errors="0" timestamp="2023-11-06T09:01:49 AST" skipped="0">
  <testcase classname="Test.MyAccountTest" name="checkLoginByRegisteredUser" time="1.379"/>
  <testcase classname="Test.MyAccountTest" name="checkLoginByRegisteredUserAfterChangePassword" time="1.557"/>
  <testcase classname="Test.MyAccountTest" name="checkLogoutByRegisteredUser" time="3.929"/>
  <testcase classname="Test.MyAccountTest" name="checkLogoutByRegisteredUserAfterChangePassword" time="3.974"/>
  <testcase classname="Test.MyAccountTest" name="checkMyAccountChangePassword" time="1.541"/>
  <testcase classname="Test.MyAccountTest" name="checkMyAccountChangePasswordRelease" time="0.038"/>
  <testcase classname="Test.MyAccountTest" name="checkRegistrationSuccessfully" time="1.932"/>
</testsuite> <!-- Test.MyAccountTest -->
