<?xml version="1.0" encoding="UTF-8"?>
<!-- Generated by org.testng.reporters.JUnitReportReporter -->
<testsuite hostname="DESKTOP-CML7SCJ" failures="0" tests="2" name="Runner.TestRunner" time="22.712" errors="0" timestamp="2023-11-14T14:08:15 AST" skipped="0">
  <testcase classname="Runner.TestRunner" name="runScenario" time="9.774"/>
  <testcase classname="Runner.TestRunner" name="runScenario" time="12.938"/>
</testsuite> <!-- Runner.TestRunner -->
