<?xml version="1.0" encoding="UTF-8"?>
<!-- Generated by org.testng.reporters.JUnitReportReporter -->
<testsuite hostname="DESKTOP-CML7SCJ" failures="0" tests="2" name="Test.RegistrationTestUsingDDTAndDataProvider" time="14.995" errors="0" timestamp="2023-11-06T14:26:42 AST" skipped="0">
  <testcase classname="Test.RegistrationTestUsingDDTAndDataProvider" name="checkRegistrationSuccessfully" time="4.469"/>
  <testcase classname="Test.RegistrationTestUsingDDTAndDataProvider" name="checkRegistrationSuccessfully" time="10.526"/>
</testsuite> <!-- Test.RegistrationTestUsingDDTAndDataProvider -->
