<?xml version="1.0" encoding="UTF-8"?>
<!-- Generated by org.testng.reporters.JUnitReportReporter -->
<testsuite hostname="DESKTOP-CML7SCJ" failures="0" tests="3" name="Test.RegistrationWithDDTAndFakeDataTest" time="5.968" errors="0" timestamp="2023-11-11T13:15:50 AST" skipped="0">
  <testcase classname="Test.RegistrationWithDDTAndFakeDataTest" name="checkLoginByRegisteredUser" time="2.579"/>
  <testcase classname="Test.RegistrationWithDDTAndFakeDataTest" name="checkLogoutByRegisteredUserAfterChangePassword" time="0.810"/>
  <testcase classname="Test.RegistrationWithDDTAndFakeDataTest" name="checkRegistrationSuccessfully" time="2.579"/>
</testsuite> <!-- Test.RegistrationWithDDTAndFakeDataTest -->
