<?xml version="1.0" encoding="UTF-8"?>
<!-- Generated by org.testng.reporters.JUnitReportReporter -->
<testsuite hostname="DESKTOP-CML7SCJ" failures="0" tests="5" name="Test.ReviewProductTest" time="9.009" errors="0" timestamp="2023-11-06T09:01:49 AST" skipped="0">
  <testcase classname="Test.ReviewProductTest" name="checkLoginByRegisteredUser" time="1.491"/>
  <testcase classname="Test.ReviewProductTest" name="checkLogoutByRegisteredUserAfterReview" time="1.011"/>
  <testcase classname="Test.ReviewProductTest" name="checkSearchUsingAutoCompleteByUser" time="3.566"/>
  <testcase classname="Test.ReviewProductTest" name="checkReviewProductByUser" time="1.282"/>
  <testcase classname="Test.ReviewProductTest" name="checkRegistrationSuccessfully" time="1.659"/>
</testsuite> <!-- Test.ReviewProductTest -->
