<?xml version="1.0" encoding="UTF-8"?>
<!-- Generated by org.testng.reporters.JUnitReportReporter -->
<testsuite hostname="DESKTOP-CML7SCJ" failures="0" tests="1" name="Test.RegistrationUsingDDTAndJson" time="4.559" errors="0" timestamp="2023-11-11T11:27:07 AST" skipped="0">
  <testcase classname="Test.RegistrationUsingDDTAndJson" name="checkRegistrationSuccessfully" time="4.559"/>
</testsuite> <!-- Test.RegistrationUsingDDTAndJson -->
