<?xml version="1.0" encoding="UTF-8"?>
<!-- Generated by org.testng.reporters.JUnitReportReporter -->
<testsuite hostname="DESKTOP-CML7SCJ" failures="0" tests="1" name="Test.RegistrationWithDDTAndCSVTest" time="18.559" errors="0" timestamp="2023-11-11T09:46:54 AST" skipped="0">
  <testcase classname="Test.RegistrationWithDDTAndCSVTest" name="checkRegistrationSuccessfully" time="18.559"/>
</testsuite> <!-- Test.RegistrationWithDDTAndCSVTest -->
