<?xml version="1.0" encoding="UTF-8"?>
<!-- Generated by org.testng.reporters.JUnitReportReporter -->
<testsuite hostname="DESKTOP-CML7SCJ" failures="0" tests="3" name="Test.RegistrationTest" time="6.217" errors="0" timestamp="2023-11-06T14:21:42 AST" skipped="0">
  <testcase classname="Test.RegistrationTest" name="checkLogoutByRegisteredUserAfterChangePassword" time="0.856"/>
  <testcase classname="Test.RegistrationTest" name="checkLoginByRegisteredUser" time="3.639"/>
  <testcase classname="Test.RegistrationTest" name="checkRegistrationSuccessfully" time="1.722"/>
</testsuite> <!-- Test.RegistrationTest -->
